-------------------------------------------------------------------------------
Test set: com.unisolve.reportlist.UnisolvereportserviceApplicationTests
-------------------------------------------------------------------------------
Tests run: 1, Failures: 0, Errors: 1, Skipped: 0, Time elapsed: 0.823 s <<< FAILURE! - in com.unisolve.reportlist.UnisolvereportserviceApplicationTests
initializationError(com.unisolve.reportlist.UnisolvereportserviceApplicationTests)  Time elapsed: 0.011 s  <<< ERROR!
java.lang.IllegalStateException: Unable to find a @SpringBootConfiguration, you need to use @ContextConfiguration or @SpringBootTest(classes=...) with your test

